0 info it worked if it ends with ok
1 verbose cli [ '/Users/jaredtpotter/.nvm/versions/node/v6.9.2/bin/node',
1 verbose cli   '/Users/jaredtpotter/.nvm/versions/node/v6.9.2/bin/npm',
1 verbose cli   'run' ]
2 info using npm@3.10.9
3 info using node@v6.9.2
4 verbose stack Error: Invalid name: "demo project."
4 verbose stack     at ensureValidName (/Users/jaredtpotter/.nvm/versions/node/v6.9.2/lib/node_modules/npm/node_modules/normalize-package-data/lib/fixer.js:336:15)
4 verbose stack     at Object.fixNameField (/Users/jaredtpotter/.nvm/versions/node/v6.9.2/lib/node_modules/npm/node_modules/normalize-package-data/lib/fixer.js:215:5)
4 verbose stack     at /Users/jaredtpotter/.nvm/versions/node/v6.9.2/lib/node_modules/npm/node_modules/normalize-package-data/lib/normalize.js:32:38
4 verbose stack     at Array.forEach (native)
4 verbose stack     at normalize (/Users/jaredtpotter/.nvm/versions/node/v6.9.2/lib/node_modules/npm/node_modules/normalize-package-data/lib/normalize.js:31:15)
4 verbose stack     at final (/Users/jaredtpotter/.nvm/versions/node/v6.9.2/lib/node_modules/npm/node_modules/read-package-json/read-json.js:349:5)
4 verbose stack     at then (/Users/jaredtpotter/.nvm/versions/node/v6.9.2/lib/node_modules/npm/node_modules/read-package-json/read-json.js:124:5)
4 verbose stack     at ReadFileContext.<anonymous> (/Users/jaredtpotter/.nvm/versions/node/v6.9.2/lib/node_modules/npm/node_modules/read-package-json/read-json.js:295:20)
4 verbose stack     at ReadFileContext.callback (/Users/jaredtpotter/.nvm/versions/node/v6.9.2/lib/node_modules/npm/node_modules/graceful-fs/graceful-fs.js:78:16)
4 verbose stack     at FSReqWrap.readFileAfterOpen [as oncomplete] (fs.js:365:13)
5 verbose cwd /Users/jaredtpotter/Repos/CHSTechClass-Projects/TearSheets
6 error Darwin 16.4.0
7 error argv "/Users/jaredtpotter/.nvm/versions/node/v6.9.2/bin/node" "/Users/jaredtpotter/.nvm/versions/node/v6.9.2/bin/npm" "run"
8 error node v6.9.2
9 error npm  v3.10.9
10 error Invalid name: "demo project."
11 error If you need help, you may report this error at:
11 error     <https://github.com/npm/npm/issues>
12 verbose exit [ 1, true ]
